2016/01/24 17:31:17 [error] [system.db.CDbCommand] CDbCommand::fetch() failed: SQLSTATE[42S22]: Column not found: 1054 Unknown column 'netName' in 'where clause'. The SQL statement executed was: SELECT * FROM `user` `t` WHERE LOWER(netName)=? LIMIT 1.
in D:\DATA\S_SERVER\xampp\htdocs\ConUScheduler\protected\components\UserIdentity.php (21)
in D:\DATA\S_SERVER\xampp\htdocs\ConUScheduler\protected\models\LoginForm.php (52)
in D:\DATA\S_SERVER\xampp\htdocs\ConUScheduler\protected\controllers\SiteController.php (94)
2016/01/24 17:31:17 [error] [exception.CDbException] exception 'CDbException' with message 'CDbCommand failed to execute the SQL statement: SQLSTATE[42S22]: Column not found: 1054 Unknown column 'netName' in 'where clause'. The SQL statement executed was: SELECT * FROM `user` `t` WHERE LOWER(netName)=? LIMIT 1' in D:\DATA\S_SERVER\xampp\htdocs\ConUScheduler\framework\db\CDbCommand.php:543
Stack trace:
#0 D:\DATA\S_SERVER\xampp\htdocs\ConUScheduler\framework\db\CDbCommand.php(415): CDbCommand->queryInternal('fetch', Array, Array)
#1 D:\DATA\S_SERVER\xampp\htdocs\ConUScheduler\framework\db\ar\CActiveRecord.php(1356): CDbCommand->queryRow()
#2 D:\DATA\S_SERVER\xampp\htdocs\ConUScheduler\framework\db\ar\CActiveRecord.php(1461): CActiveRecord->query(Object(CDbCriteria))
#3 D:\DATA\S_SERVER\xampp\htdocs\ConUScheduler\protected\components\UserIdentity.php(21): CActiveRecord->find('LOWER(netName)=...', Array)
#4 D:\DATA\S_SERVER\xampp\htdocs\ConUScheduler\protected\models\LoginForm.php(52): UserIdentity->authenticate()
#5 D:\DATA\S_SERVER\xampp\htdocs\ConUScheduler\framework\validators\CInlineValidator.php(42): LoginForm->authenticate('password', Array)
#6 D:\DATA\S_SERVER\xampp\htdocs\ConUScheduler\framework\validators\CValidator.php(201): CInlineValidator->validateAttribute(Object(LoginForm), 'password')
#7 D:\DATA\S_SERVER\xampp\htdocs\ConUScheduler\framework\base\CModel.php(159): CValidator->validate(Object(LoginForm), NULL)
#8 D:\DATA\S_SERVER\xampp\htdocs\ConUScheduler\protected\controllers\SiteController.php(94): CModel->validate()
#9 D:\DATA\S_SERVER\xampp\htdocs\ConUScheduler\framework\web\actions\CInlineAction.php(49): SiteController->actionLogin()
#10 D:\DATA\S_SERVER\xampp\htdocs\ConUScheduler\framework\web\CController.php(308): CInlineAction->runWithParams(Array)
#11 D:\DATA\S_SERVER\xampp\htdocs\ConUScheduler\framework\web\CController.php(286): CController->runAction(Object(CInlineAction))
#12 D:\DATA\S_SERVER\xampp\htdocs\ConUScheduler\framework\web\CController.php(265): CController->runActionWithFilters(Object(CInlineAction), Array)
#13 D:\DATA\S_SERVER\xampp\htdocs\ConUScheduler\framework\web\CWebApplication.php(282): CController->run('login')
#14 D:\DATA\S_SERVER\xampp\htdocs\ConUScheduler\framework\web\CWebApplication.php(141): CWebApplication->runController('site/login')
#15 D:\DATA\S_SERVER\xampp\htdocs\ConUScheduler\framework\base\CApplication.php(185): CWebApplication->processRequest()
#16 D:\DATA\S_SERVER\xampp\htdocs\ConUScheduler\index.php(13): CApplication->run()
#17 {main}
REQUEST_URI=/index.php?r=site/login
HTTP_REFERER=http://conuscheduler.localhost/index.php?r=site/login
---
2016/01/24 17:36:14 [error] [exception.CException] exception 'CException' with message 'Property "User.userID" is not defined.' in D:\DATA\S_SERVER\xampp\htdocs\ConUScheduler\framework\base\CComponent.php:130
Stack trace:
#0 D:\DATA\S_SERVER\xampp\htdocs\ConUScheduler\framework\db\ar\CActiveRecord.php(145): CComponent->__get('userID')
#1 D:\DATA\S_SERVER\xampp\htdocs\ConUScheduler\protected\components\UserIdentity.php(35): CActiveRecord->__get('userID')
#2 D:\DATA\S_SERVER\xampp\htdocs\ConUScheduler\protected\models\LoginForm.php(52): UserIdentity->authenticate()
#3 D:\DATA\S_SERVER\xampp\htdocs\ConUScheduler\framework\validators\CInlineValidator.php(42): LoginForm->authenticate('password', Array)
#4 D:\DATA\S_SERVER\xampp\htdocs\ConUScheduler\framework\validators\CValidator.php(201): CInlineValidator->validateAttribute(Object(LoginForm), 'password')
#5 D:\DATA\S_SERVER\xampp\htdocs\ConUScheduler\framework\base\CModel.php(159): CValidator->validate(Object(LoginForm), NULL)
#6 D:\DATA\S_SERVER\xampp\htdocs\ConUScheduler\protected\controllers\SiteController.php(94): CModel->validate()
#7 D:\DATA\S_SERVER\xampp\htdocs\ConUScheduler\framework\web\actions\CInlineAction.php(49): SiteController->actionLogin()
#8 D:\DATA\S_SERVER\xampp\htdocs\ConUScheduler\framework\web\CController.php(308): CInlineAction->runWithParams(Array)
#9 D:\DATA\S_SERVER\xampp\htdocs\ConUScheduler\framework\web\CController.php(286): CController->runAction(Object(CInlineAction))
#10 D:\DATA\S_SERVER\xampp\htdocs\ConUScheduler\framework\web\CController.php(265): CController->runActionWithFilters(Object(CInlineAction), Array)
#11 D:\DATA\S_SERVER\xampp\htdocs\ConUScheduler\framework\web\CWebApplication.php(282): CController->run('login')
#12 D:\DATA\S_SERVER\xampp\htdocs\ConUScheduler\framework\web\CWebApplication.php(141): CWebApplication->runController('site/login')
#13 D:\DATA\S_SERVER\xampp\htdocs\ConUScheduler\framework\base\CApplication.php(185): CWebApplication->processRequest()
#14 D:\DATA\S_SERVER\xampp\htdocs\ConUScheduler\index.php(13): CApplication->run()
#15 {main}
REQUEST_URI=/index.php?r=site/login
HTTP_REFERER=http://conuscheduler.localhost/index.php?r=site/login
---
2016/01/24 17:38:41 [error] [exception.CException] exception 'CException' with message 'Property "User.userID" is not defined.' in D:\DATA\S_SERVER\xampp\htdocs\ConUScheduler\framework\base\CComponent.php:130
Stack trace:
#0 D:\DATA\S_SERVER\xampp\htdocs\ConUScheduler\framework\db\ar\CActiveRecord.php(145): CComponent->__get('userID')
#1 D:\DATA\S_SERVER\xampp\htdocs\ConUScheduler\framework\validators\CRequiredValidator.php(58): CActiveRecord->__get('userID')
#2 D:\DATA\S_SERVER\xampp\htdocs\ConUScheduler\framework\validators\CValidator.php(201): CRequiredValidator->validateAttribute(Object(User), 'userID')
#3 D:\DATA\S_SERVER\xampp\htdocs\ConUScheduler\framework\base\CModel.php(159): CValidator->validate(Object(User), NULL)
#4 D:\DATA\S_SERVER\xampp\htdocs\ConUScheduler\framework\db\ar\CActiveRecord.php(808): CModel->validate(NULL)
#5 D:\DATA\S_SERVER\xampp\htdocs\ConUScheduler\protected\components\UserIdentity.php(35): CActiveRecord->save()
#6 D:\DATA\S_SERVER\xampp\htdocs\ConUScheduler\protected\models\LoginForm.php(52): UserIdentity->authenticate()
#7 D:\DATA\S_SERVER\xampp\htdocs\ConUScheduler\framework\validators\CInlineValidator.php(42): LoginForm->authenticate('password', Array)
#8 D:\DATA\S_SERVER\xampp\htdocs\ConUScheduler\framework\validators\CValidator.php(201): CInlineValidator->validateAttribute(Object(LoginForm), 'password')
#9 D:\DATA\S_SERVER\xampp\htdocs\ConUScheduler\framework\base\CModel.php(159): CValidator->validate(Object(LoginForm), NULL)
#10 D:\DATA\S_SERVER\xampp\htdocs\ConUScheduler\protected\controllers\SiteController.php(94): CModel->validate()
#11 D:\DATA\S_SERVER\xampp\htdocs\ConUScheduler\framework\web\actions\CInlineAction.php(49): SiteController->actionLogin()
#12 D:\DATA\S_SERVER\xampp\htdocs\ConUScheduler\framework\web\CController.php(308): CInlineAction->runWithParams(Array)
#13 D:\DATA\S_SERVER\xampp\htdocs\ConUScheduler\framework\web\CController.php(286): CController->runAction(Object(CInlineAction))
#14 D:\DATA\S_SERVER\xampp\htdocs\ConUScheduler\framework\web\CController.php(265): CController->runActionWithFilters(Object(CInlineAction), Array)
#15 D:\DATA\S_SERVER\xampp\htdocs\ConUScheduler\framework\web\CWebApplication.php(282): CController->run('login')
#16 D:\DATA\S_SERVER\xampp\htdocs\ConUScheduler\framework\web\CWebApplication.php(141): CWebApplication->runController('site/login')
#17 D:\DATA\S_SERVER\xampp\htdocs\ConUScheduler\framework\base\CApplication.php(185): CWebApplication->processRequest()
#18 D:\DATA\S_SERVER\xampp\htdocs\ConUScheduler\index.php(13): CApplication->run()
#19 {main}
REQUEST_URI=/index.php?r=site/login
HTTP_REFERER=http://conuscheduler.localhost/index.php?r=site/login
---
2016/01/24 17:38:44 [error] [exception.CException] exception 'CException' with message 'Property "User.userID" is not defined.' in D:\DATA\S_SERVER\xampp\htdocs\ConUScheduler\framework\base\CComponent.php:130
Stack trace:
#0 D:\DATA\S_SERVER\xampp\htdocs\ConUScheduler\framework\db\ar\CActiveRecord.php(145): CComponent->__get('userID')
#1 D:\DATA\S_SERVER\xampp\htdocs\ConUScheduler\framework\validators\CRequiredValidator.php(58): CActiveRecord->__get('userID')
#2 D:\DATA\S_SERVER\xampp\htdocs\ConUScheduler\framework\validators\CValidator.php(201): CRequiredValidator->validateAttribute(Object(User), 'userID')
#3 D:\DATA\S_SERVER\xampp\htdocs\ConUScheduler\framework\base\CModel.php(159): CValidator->validate(Object(User), NULL)
#4 D:\DATA\S_SERVER\xampp\htdocs\ConUScheduler\framework\db\ar\CActiveRecord.php(808): CModel->validate(NULL)
#5 D:\DATA\S_SERVER\xampp\htdocs\ConUScheduler\protected\components\UserIdentity.php(35): CActiveRecord->save()
#6 D:\DATA\S_SERVER\xampp\htdocs\ConUScheduler\protected\models\LoginForm.php(52): UserIdentity->authenticate()
#7 D:\DATA\S_SERVER\xampp\htdocs\ConUScheduler\framework\validators\CInlineValidator.php(42): LoginForm->authenticate('password', Array)
#8 D:\DATA\S_SERVER\xampp\htdocs\ConUScheduler\framework\validators\CValidator.php(201): CInlineValidator->validateAttribute(Object(LoginForm), 'password')
#9 D:\DATA\S_SERVER\xampp\htdocs\ConUScheduler\framework\base\CModel.php(159): CValidator->validate(Object(LoginForm), NULL)
#10 D:\DATA\S_SERVER\xampp\htdocs\ConUScheduler\protected\controllers\SiteController.php(94): CModel->validate()
#11 D:\DATA\S_SERVER\xampp\htdocs\ConUScheduler\framework\web\actions\CInlineAction.php(49): SiteController->actionLogin()
#12 D:\DATA\S_SERVER\xampp\htdocs\ConUScheduler\framework\web\CController.php(308): CInlineAction->runWithParams(Array)
#13 D:\DATA\S_SERVER\xampp\htdocs\ConUScheduler\framework\web\CController.php(286): CController->runAction(Object(CInlineAction))
#14 D:\DATA\S_SERVER\xampp\htdocs\ConUScheduler\framework\web\CController.php(265): CController->runActionWithFilters(Object(CInlineAction), Array)
#15 D:\DATA\S_SERVER\xampp\htdocs\ConUScheduler\framework\web\CWebApplication.php(282): CController->run('login')
#16 D:\DATA\S_SERVER\xampp\htdocs\ConUScheduler\framework\web\CWebApplication.php(141): CWebApplication->runController('site/login')
#17 D:\DATA\S_SERVER\xampp\htdocs\ConUScheduler\framework\base\CApplication.php(185): CWebApplication->processRequest()
#18 D:\DATA\S_SERVER\xampp\htdocs\ConUScheduler\index.php(13): CApplication->run()
#19 {main}
REQUEST_URI=/index.php?r=site/login
HTTP_REFERER=http://conuscheduler.localhost/index.php?r=site/login
---
2016/01/24 17:38:50 [error] [exception.CException] exception 'CException' with message 'Property "User.userID" is not defined.' in D:\DATA\S_SERVER\xampp\htdocs\ConUScheduler\framework\base\CComponent.php:130
Stack trace:
#0 D:\DATA\S_SERVER\xampp\htdocs\ConUScheduler\framework\db\ar\CActiveRecord.php(145): CComponent->__get('userID')
#1 D:\DATA\S_SERVER\xampp\htdocs\ConUScheduler\framework\validators\CRequiredValidator.php(58): CActiveRecord->__get('userID')
#2 D:\DATA\S_SERVER\xampp\htdocs\ConUScheduler\framework\validators\CValidator.php(201): CRequiredValidator->validateAttribute(Object(User), 'userID')
#3 D:\DATA\S_SERVER\xampp\htdocs\ConUScheduler\framework\base\CModel.php(159): CValidator->validate(Object(User), NULL)
#4 D:\DATA\S_SERVER\xampp\htdocs\ConUScheduler\framework\db\ar\CActiveRecord.php(808): CModel->validate(NULL)
#5 D:\DATA\S_SERVER\xampp\htdocs\ConUScheduler\protected\components\UserIdentity.php(33): CActiveRecord->save()
#6 D:\DATA\S_SERVER\xampp\htdocs\ConUScheduler\protected\models\LoginForm.php(52): UserIdentity->authenticate()
#7 D:\DATA\S_SERVER\xampp\htdocs\ConUScheduler\framework\validators\CInlineValidator.php(42): LoginForm->authenticate('password', Array)
#8 D:\DATA\S_SERVER\xampp\htdocs\ConUScheduler\framework\validators\CValidator.php(201): CInlineValidator->validateAttribute(Object(LoginForm), 'password')
#9 D:\DATA\S_SERVER\xampp\htdocs\ConUScheduler\framework\base\CModel.php(159): CValidator->validate(Object(LoginForm), NULL)
#10 D:\DATA\S_SERVER\xampp\htdocs\ConUScheduler\protected\controllers\SiteController.php(94): CModel->validate()
#11 D:\DATA\S_SERVER\xampp\htdocs\ConUScheduler\framework\web\actions\CInlineAction.php(49): SiteController->actionLogin()
#12 D:\DATA\S_SERVER\xampp\htdocs\ConUScheduler\framework\web\CController.php(308): CInlineAction->runWithParams(Array)
#13 D:\DATA\S_SERVER\xampp\htdocs\ConUScheduler\framework\web\CController.php(286): CController->runAction(Object(CInlineAction))
#14 D:\DATA\S_SERVER\xampp\htdocs\ConUScheduler\framework\web\CController.php(265): CController->runActionWithFilters(Object(CInlineAction), Array)
#15 D:\DATA\S_SERVER\xampp\htdocs\ConUScheduler\framework\web\CWebApplication.php(282): CController->run('login')
#16 D:\DATA\S_SERVER\xampp\htdocs\ConUScheduler\framework\web\CWebApplication.php(141): CWebApplication->runController('site/login')
#17 D:\DATA\S_SERVER\xampp\htdocs\ConUScheduler\framework\base\CApplication.php(185): CWebApplication->processRequest()
#18 D:\DATA\S_SERVER\xampp\htdocs\ConUScheduler\index.php(13): CApplication->run()
#19 {main}
REQUEST_URI=/index.php?r=site/login
HTTP_REFERER=http://conuscheduler.localhost/index.php?r=site/login
---
2016/01/24 17:46:34 [error] [exception.CException] exception 'CException' with message 'Property "User.id" is not defined.' in D:\DATA\S_SERVER\xampp\htdocs\ConUScheduler\framework\base\CComponent.php:130
Stack trace:
#0 D:\DATA\S_SERVER\xampp\htdocs\ConUScheduler\framework\db\ar\CActiveRecord.php(145): CComponent->__get('id')
#1 D:\DATA\S_SERVER\xampp\htdocs\ConUScheduler\protected\components\UserIdentity.php(29): CActiveRecord->__get('id')
#2 D:\DATA\S_SERVER\xampp\htdocs\ConUScheduler\protected\models\LoginForm.php(52): UserIdentity->authenticate()
#3 D:\DATA\S_SERVER\xampp\htdocs\ConUScheduler\framework\validators\CInlineValidator.php(42): LoginForm->authenticate('password', Array)
#4 D:\DATA\S_SERVER\xampp\htdocs\ConUScheduler\framework\validators\CValidator.php(201): CInlineValidator->validateAttribute(Object(LoginForm), 'password')
#5 D:\DATA\S_SERVER\xampp\htdocs\ConUScheduler\framework\base\CModel.php(159): CValidator->validate(Object(LoginForm), NULL)
#6 D:\DATA\S_SERVER\xampp\htdocs\ConUScheduler\protected\controllers\SiteController.php(94): CModel->validate()
#7 D:\DATA\S_SERVER\xampp\htdocs\ConUScheduler\framework\web\actions\CInlineAction.php(49): SiteController->actionLogin()
#8 D:\DATA\S_SERVER\xampp\htdocs\ConUScheduler\framework\web\CController.php(308): CInlineAction->runWithParams(Array)
#9 D:\DATA\S_SERVER\xampp\htdocs\ConUScheduler\framework\web\CController.php(286): CController->runAction(Object(CInlineAction))
#10 D:\DATA\S_SERVER\xampp\htdocs\ConUScheduler\framework\web\CController.php(265): CController->runActionWithFilters(Object(CInlineAction), Array)
#11 D:\DATA\S_SERVER\xampp\htdocs\ConUScheduler\framework\web\CWebApplication.php(282): CController->run('login')
#12 D:\DATA\S_SERVER\xampp\htdocs\ConUScheduler\framework\web\CWebApplication.php(141): CWebApplication->runController('site/login')
#13 D:\DATA\S_SERVER\xampp\htdocs\ConUScheduler\framework\base\CApplication.php(185): CWebApplication->processRequest()
#14 D:\DATA\S_SERVER\xampp\htdocs\ConUScheduler\index.php(13): CApplication->run()
#15 {main}
REQUEST_URI=/index.php?r=site/login
HTTP_REFERER=http://conuscheduler.localhost/index.php?r=site/login
---
2016/01/24 17:47:00 [error] [php] Use of undefined constant ID - assumed 'ID' (D:\DATA\S_SERVER\xampp\htdocs\ConUScheduler\protected\components\UserIdentity.php:29)
Stack trace:
#0 D:\DATA\S_SERVER\xampp\htdocs\ConUScheduler\framework\validators\CValidator.php(201): CInlineValidator->validateAttribute()
#1 D:\DATA\S_SERVER\xampp\htdocs\ConUScheduler\framework\base\CModel.php(159): CInlineValidator->validate()
#2 D:\DATA\S_SERVER\xampp\htdocs\ConUScheduler\protected\controllers\SiteController.php(94): LoginForm->validate()
#3 D:\DATA\S_SERVER\xampp\htdocs\ConUScheduler\framework\web\actions\CInlineAction.php(49): SiteController->actionLogin()
#4 D:\DATA\S_SERVER\xampp\htdocs\ConUScheduler\framework\web\CController.php(308): CInlineAction->runWithParams()
#5 D:\DATA\S_SERVER\xampp\htdocs\ConUScheduler\framework\web\CController.php(286): SiteController->runAction()
#6 D:\DATA\S_SERVER\xampp\htdocs\ConUScheduler\framework\web\CController.php(265): SiteController->runActionWithFilters()
#7 D:\DATA\S_SERVER\xampp\htdocs\ConUScheduler\framework\web\CWebApplication.php(282): SiteController->run()
#8 D:\DATA\S_SERVER\xampp\htdocs\ConUScheduler\framework\web\CWebApplication.php(141): CWebApplication->runController()
#9 D:\DATA\S_SERVER\xampp\htdocs\ConUScheduler\framework\base\CApplication.php(185): CWebApplication->processRequest()
#10 D:\DATA\S_SERVER\xampp\htdocs\ConUScheduler\index.php(13): CWebApplication->run()
REQUEST_URI=/index.php?r=site/login
in D:\DATA\S_SERVER\xampp\htdocs\ConUScheduler\protected\components\UserIdentity.php (29)
in D:\DATA\S_SERVER\xampp\htdocs\ConUScheduler\protected\models\LoginForm.php (52)
in D:\DATA\S_SERVER\xampp\htdocs\ConUScheduler\protected\controllers\SiteController.php (94)
2016/01/24 17:47:15 [error] [exception.CException] exception 'CException' with message 'Property "User.title" is not defined.' in D:\DATA\S_SERVER\xampp\htdocs\ConUScheduler\framework\base\CComponent.php:130
Stack trace:
#0 D:\DATA\S_SERVER\xampp\htdocs\ConUScheduler\framework\db\ar\CActiveRecord.php(145): CComponent->__get('title')
#1 D:\DATA\S_SERVER\xampp\htdocs\ConUScheduler\protected\components\UserIdentity.php(30): CActiveRecord->__get('title')
#2 D:\DATA\S_SERVER\xampp\htdocs\ConUScheduler\protected\models\LoginForm.php(52): UserIdentity->authenticate()
#3 D:\DATA\S_SERVER\xampp\htdocs\ConUScheduler\framework\validators\CInlineValidator.php(42): LoginForm->authenticate('password', Array)
#4 D:\DATA\S_SERVER\xampp\htdocs\ConUScheduler\framework\validators\CValidator.php(201): CInlineValidator->validateAttribute(Object(LoginForm), 'password')
#5 D:\DATA\S_SERVER\xampp\htdocs\ConUScheduler\framework\base\CModel.php(159): CValidator->validate(Object(LoginForm), NULL)
#6 D:\DATA\S_SERVER\xampp\htdocs\ConUScheduler\protected\controllers\SiteController.php(94): CModel->validate()
#7 D:\DATA\S_SERVER\xampp\htdocs\ConUScheduler\framework\web\actions\CInlineAction.php(49): SiteController->actionLogin()
#8 D:\DATA\S_SERVER\xampp\htdocs\ConUScheduler\framework\web\CController.php(308): CInlineAction->runWithParams(Array)
#9 D:\DATA\S_SERVER\xampp\htdocs\ConUScheduler\framework\web\CController.php(286): CController->runAction(Object(CInlineAction))
#10 D:\DATA\S_SERVER\xampp\htdocs\ConUScheduler\framework\web\CController.php(265): CController->runActionWithFilters(Object(CInlineAction), Array)
#11 D:\DATA\S_SERVER\xampp\htdocs\ConUScheduler\framework\web\CWebApplication.php(282): CController->run('login')
#12 D:\DATA\S_SERVER\xampp\htdocs\ConUScheduler\framework\web\CWebApplication.php(141): CWebApplication->runController('site/login')
#13 D:\DATA\S_SERVER\xampp\htdocs\ConUScheduler\framework\base\CApplication.php(185): CWebApplication->processRequest()
#14 D:\DATA\S_SERVER\xampp\htdocs\ConUScheduler\index.php(13): CApplication->run()
#15 {main}
REQUEST_URI=/index.php?r=site/login
HTTP_REFERER=http://conuscheduler.localhost/index.php?r=site/login
---
2016/01/27 20:36:47 [error] [exception.CException] exception 'CException' with message 'Property "LoginForm.courseID" is not defined.' in D:\DATA\S_SERVER\xampp\htdocs\ConUScheduler\framework\base\CComponent.php:130
Stack trace:
#0 D:\DATA\S_SERVER\xampp\htdocs\ConUScheduler\framework\web\helpers\CHtml.php(2729): CComponent->__get('courseID')
#1 D:\DATA\S_SERVER\xampp\htdocs\ConUScheduler\framework\web\helpers\CHtml.php(2452): CHtml::resolveValue(Object(LoginForm), 'courseID')
#2 D:\DATA\S_SERVER\xampp\htdocs\ConUScheduler\framework\web\helpers\CHtml.php(1534): CHtml::activeInputField('text', Object(LoginForm), 'courseID', Array)
#3 D:\DATA\S_SERVER\xampp\htdocs\ConUScheduler\framework\web\widgets\CActiveForm.php(792): CHtml::activeTextField(Object(LoginForm), 'courseID', Array)
#4 D:\DATA\S_SERVER\xampp\htdocs\ConUScheduler\protected\views\site\login.php(16): CActiveForm->textField(Object(LoginForm), 'courseID', Array)
#5 D:\DATA\S_SERVER\xampp\htdocs\ConUScheduler\framework\web\CBaseController.php(126): require('D:\\DATA\\S_SERVE...')
#6 D:\DATA\S_SERVER\xampp\htdocs\ConUScheduler\framework\web\CBaseController.php(95): CBaseController->renderInternal('D:\\DATA\\S_SERVE...', Array, true)
#7 D:\DATA\S_SERVER\xampp\htdocs\ConUScheduler\framework\web\CController.php(869): CBaseController->renderFile('D:\\DATA\\S_SERVE...', Array, true)
#8 D:\DATA\S_SERVER\xampp\htdocs\ConUScheduler\framework\web\CController.php(782): CController->renderPartial('login', Array, true)
#9 D:\DATA\S_SERVER\xampp\htdocs\ConUScheduler\protected\controllers\SiteController.php(98): CController->render('login', Array)
#10 D:\DATA\S_SERVER\xampp\htdocs\ConUScheduler\framework\web\actions\CInlineAction.php(49): SiteController->actionLogin()
#11 D:\DATA\S_SERVER\xampp\htdocs\ConUScheduler\framework\web\CController.php(308): CInlineAction->runWithParams(Array)
#12 D:\DATA\S_SERVER\xampp\htdocs\ConUScheduler\framework\web\CController.php(286): CController->runAction(Object(CInlineAction))
#13 D:\DATA\S_SERVER\xampp\htdocs\ConUScheduler\framework\web\CController.php(265): CController->runActionWithFilters(Object(CInlineAction), Array)
#14 D:\DATA\S_SERVER\xampp\htdocs\ConUScheduler\framework\web\CWebApplication.php(282): CController->run('login')
#15 D:\DATA\S_SERVER\xampp\htdocs\ConUScheduler\framework\web\CWebApplication.php(141): CWebApplication->runController('site/login')
#16 D:\DATA\S_SERVER\xampp\htdocs\ConUScheduler\framework\base\CApplication.php(185): CWebApplication->processRequest()
#17 D:\DATA\S_SERVER\xampp\htdocs\ConUScheduler\index.php(13): CApplication->run()
#18 {main}
REQUEST_URI=/index.php?r=site/login
HTTP_REFERER=http://conuscheduler.localhost/index.php?r=site/login
---
2016/01/27 20:37:11 [error] [exception.CException] exception 'CException' with message 'Property "LoginForm.credits" is not defined.' in D:\DATA\S_SERVER\xampp\htdocs\ConUScheduler\framework\base\CComponent.php:130
Stack trace:
#0 D:\DATA\S_SERVER\xampp\htdocs\ConUScheduler\framework\web\helpers\CHtml.php(2729): CComponent->__get('credits')
#1 D:\DATA\S_SERVER\xampp\htdocs\ConUScheduler\framework\web\helpers\CHtml.php(2452): CHtml::resolveValue(Object(LoginForm), 'credits')
#2 D:\DATA\S_SERVER\xampp\htdocs\ConUScheduler\framework\web\helpers\CHtml.php(1534): CHtml::activeInputField('text', Object(LoginForm), 'credits', Array)
#3 D:\DATA\S_SERVER\xampp\htdocs\ConUScheduler\framework\web\widgets\CActiveForm.php(792): CHtml::activeTextField(Object(LoginForm), 'credits', Array)
#4 D:\DATA\S_SERVER\xampp\htdocs\ConUScheduler\protected\views\site\login.php(28): CActiveForm->textField(Object(LoginForm), 'credits')
#5 D:\DATA\S_SERVER\xampp\htdocs\ConUScheduler\framework\web\CBaseController.php(126): require('D:\\DATA\\S_SERVE...')
#6 D:\DATA\S_SERVER\xampp\htdocs\ConUScheduler\framework\web\CBaseController.php(95): CBaseController->renderInternal('D:\\DATA\\S_SERVE...', Array, true)
#7 D:\DATA\S_SERVER\xampp\htdocs\ConUScheduler\framework\web\CController.php(869): CBaseController->renderFile('D:\\DATA\\S_SERVE...', Array, true)
#8 D:\DATA\S_SERVER\xampp\htdocs\ConUScheduler\framework\web\CController.php(782): CController->renderPartial('login', Array, true)
#9 D:\DATA\S_SERVER\xampp\htdocs\ConUScheduler\protected\controllers\SiteController.php(98): CController->render('login', Array)
#10 D:\DATA\S_SERVER\xampp\htdocs\ConUScheduler\framework\web\actions\CInlineAction.php(49): SiteController->actionLogin()
#11 D:\DATA\S_SERVER\xampp\htdocs\ConUScheduler\framework\web\CController.php(308): CInlineAction->runWithParams(Array)
#12 D:\DATA\S_SERVER\xampp\htdocs\ConUScheduler\framework\web\CController.php(286): CController->runAction(Object(CInlineAction))
#13 D:\DATA\S_SERVER\xampp\htdocs\ConUScheduler\framework\web\CController.php(265): CController->runActionWithFilters(Object(CInlineAction), Array)
#14 D:\DATA\S_SERVER\xampp\htdocs\ConUScheduler\framework\web\CWebApplication.php(282): CController->run('login')
#15 D:\DATA\S_SERVER\xampp\htdocs\ConUScheduler\framework\web\CWebApplication.php(141): CWebApplication->runController('site/login')
#16 D:\DATA\S_SERVER\xampp\htdocs\ConUScheduler\framework\base\CApplication.php(185): CWebApplication->processRequest()
#17 D:\DATA\S_SERVER\xampp\htdocs\ConUScheduler\index.php(13): CApplication->run()
#18 {main}
REQUEST_URI=/index.php?r=site/login
HTTP_REFERER=http://conuscheduler.localhost/index.php?r=site/login
---
2016/02/08 22:10:46 [error] [exception.CHttpException.404] exception 'CHttpException' with message 'The requested view "TestingForm" was not found.' in B:\Program Files\xamp\htdocs\ConUScheduler\framework\web\actions\CViewAction.php:112
Stack trace:
#0 B:\Program Files\xamp\htdocs\ConUScheduler\framework\web\actions\CViewAction.php(123): CViewAction->resolveView('TestingForm')
#1 B:\Program Files\xamp\htdocs\ConUScheduler\framework\web\actions\CAction.php(76): CViewAction->run()
#2 B:\Program Files\xamp\htdocs\ConUScheduler\framework\web\CController.php(308): CAction->runWithParams(Array)
#3 B:\Program Files\xamp\htdocs\ConUScheduler\framework\web\CController.php(286): CController->runAction(Object(CViewAction))
#4 B:\Program Files\xamp\htdocs\ConUScheduler\framework\web\CController.php(265): CController->runActionWithFilters(Object(CViewAction), Array)
#5 B:\Program Files\xamp\htdocs\ConUScheduler\framework\web\CWebApplication.php(282): CController->run('page')
#6 B:\Program Files\xamp\htdocs\ConUScheduler\framework\web\CWebApplication.php(141): CWebApplication->runController('site/page')
#7 B:\Program Files\xamp\htdocs\ConUScheduler\framework\base\CApplication.php(185): CWebApplication->processRequest()
#8 B:\Program Files\xamp\htdocs\ConUScheduler\index.php(13): CApplication->run()
#9 {main}
REQUEST_URI=/index.php?r=site/page&view=TestingForm
---
2016/02/08 22:13:08 [error] [exception.CHttpException.404] exception 'CHttpException' with message 'The requested view "TestingForm" was not found.' in B:\Program Files\xamp\htdocs\ConUScheduler\framework\web\actions\CViewAction.php:112
Stack trace:
#0 B:\Program Files\xamp\htdocs\ConUScheduler\framework\web\actions\CViewAction.php(123): CViewAction->resolveView('TestingForm')
#1 B:\Program Files\xamp\htdocs\ConUScheduler\framework\web\actions\CAction.php(76): CViewAction->run()
#2 B:\Program Files\xamp\htdocs\ConUScheduler\framework\web\CController.php(308): CAction->runWithParams(Array)
#3 B:\Program Files\xamp\htdocs\ConUScheduler\framework\web\CController.php(286): CController->runAction(Object(CViewAction))
#4 B:\Program Files\xamp\htdocs\ConUScheduler\framework\web\CController.php(265): CController->runActionWithFilters(Object(CViewAction), Array)
#5 B:\Program Files\xamp\htdocs\ConUScheduler\framework\web\CWebApplication.php(282): CController->run('page')
#6 B:\Program Files\xamp\htdocs\ConUScheduler\framework\web\CWebApplication.php(141): CWebApplication->runController('site/page')
#7 B:\Program Files\xamp\htdocs\ConUScheduler\framework\base\CApplication.php(185): CWebApplication->processRequest()
#8 B:\Program Files\xamp\htdocs\ConUScheduler\index.php(13): CApplication->run()
#9 {main}
REQUEST_URI=/index.php?r=site/page&view=TestingForm
---
2016/02/08 22:13:34 [error] [exception.CHttpException.404] exception 'CHttpException' with message 'The system is unable to find the requested action "view=TestingForm".' in B:\Program Files\xamp\htdocs\ConUScheduler\framework\web\CController.php:483
Stack trace:
#0 B:\Program Files\xamp\htdocs\ConUScheduler\framework\web\CController.php(270): CController->missingAction('view=TestingFor...')
#1 B:\Program Files\xamp\htdocs\ConUScheduler\framework\web\CWebApplication.php(282): CController->run('view=TestingFor...')
#2 B:\Program Files\xamp\htdocs\ConUScheduler\framework\web\CWebApplication.php(141): CWebApplication->runController('site/view=Testi...')
#3 B:\Program Files\xamp\htdocs\ConUScheduler\framework\base\CApplication.php(185): CWebApplication->processRequest()
#4 B:\Program Files\xamp\htdocs\ConUScheduler\index.php(13): CApplication->run()
#5 {main}
REQUEST_URI=/index.php?r=site/view=TestingForm
---
2016/02/08 22:43:33 [error] [exception.CHttpException.404] exception 'CHttpException' with message 'Unable to resolve the request "models/Courselist".' in B:\Program Files\xamp\htdocs\ConUScheduler\framework\web\CWebApplication.php:286
Stack trace:
#0 B:\Program Files\xamp\htdocs\ConUScheduler\framework\web\CWebApplication.php(141): CWebApplication->runController('models/Courseli...')
#1 B:\Program Files\xamp\htdocs\ConUScheduler\framework\base\CApplication.php(185): CWebApplication->processRequest()
#2 B:\Program Files\xamp\htdocs\ConUScheduler\index.php(13): CApplication->run()
#3 {main}
REQUEST_URI=/index.php?r=models/Courselist
HTTP_REFERER=http://localhost/index.php?r=courselist/index
---
2016/02/08 22:45:09 [error] [exception.CHttpException.404] exception 'CHttpException' with message 'Unable to resolve the request "models/Courselist/index".' in B:\Program Files\xamp\htdocs\ConUScheduler\framework\web\CWebApplication.php:286
Stack trace:
#0 B:\Program Files\xamp\htdocs\ConUScheduler\framework\web\CWebApplication.php(141): CWebApplication->runController('models/Courseli...')
#1 B:\Program Files\xamp\htdocs\ConUScheduler\framework\base\CApplication.php(185): CWebApplication->processRequest()
#2 B:\Program Files\xamp\htdocs\ConUScheduler\index.php(13): CApplication->run()
#3 {main}
REQUEST_URI=/index.php?r=models/Courselist/index
HTTP_REFERER=http://localhost/index.php?r=courselist/index
---
